Determining if the pthread_create exist failed with the following output:
Change Dir: /home/m/Documents/libscapi/protocols/YaoSingleExecution/CMakeFiles/CMakeTmp

Run Build Command:"/usr/bin/make" "cmTC_6666b/fast"
make[1]: Entering directory '/home/m/Documents/libscapi/protocols/YaoSingleExecution/CMakeFiles/CMakeTmp'
/usr/bin/make -f CMakeFiles/cmTC_6666b.dir/build.make CMakeFiles/cmTC_6666b.dir/build
make[2]: Entering directory '/home/m/Documents/libscapi/protocols/YaoSingleExecution/CMakeFiles/CMakeTmp'
Building C object CMakeFiles/cmTC_6666b.dir/CheckSymbolExists.c.o
/usr/bin/cc     -o CMakeFiles/cmTC_6666b.dir/CheckSymbolExists.c.o   -c /home/m/Documents/libscapi/protocols/YaoSingleExecution/CMakeFiles/CMakeTmp/CheckSymbolExists.c
Linking C executable cmTC_6666b
/usr/bin/cmake -E cmake_link_script CMakeFiles/cmTC_6666b.dir/link.txt --verbose=1
/usr/bin/cc       CMakeFiles/cmTC_6666b.dir/CheckSymbolExists.c.o  -o cmTC_6666b 
CMakeFiles/cmTC_6666b.dir/CheckSymbolExists.c.o: In function `main':
CheckSymbolExists.c:(.text+0x16): undefined reference to `pthread_create'
collect2: error: ld returned 1 exit status
CMakeFiles/cmTC_6666b.dir/build.make:97: recipe for target 'cmTC_6666b' failed
make[2]: *** [cmTC_6666b] Error 1
make[2]: Leaving directory '/home/m/Documents/libscapi/protocols/YaoSingleExecution/CMakeFiles/CMakeTmp'
Makefile:126: recipe for target 'cmTC_6666b/fast' failed
make[1]: *** [cmTC_6666b/fast] Error 2
make[1]: Leaving directory '/home/m/Documents/libscapi/protocols/YaoSingleExecution/CMakeFiles/CMakeTmp'

File /home/m/Documents/libscapi/protocols/YaoSingleExecution/CMakeFiles/CMakeTmp/CheckSymbolExists.c:
/* */
#include <pthread.h>

int main(int argc, char** argv)
{
  (void)argv;
#ifndef pthread_create
  return ((int*)(&pthread_create))[argc];
#else
  (void)argc;
  return 0;
#endif
}

Determining if the function pthread_create exists in the pthreads failed with the following output:
Change Dir: /home/m/Documents/libscapi/protocols/YaoSingleExecution/CMakeFiles/CMakeTmp

Run Build Command:"/usr/bin/make" "cmTC_08c06/fast"
make[1]: Entering directory '/home/m/Documents/libscapi/protocols/YaoSingleExecution/CMakeFiles/CMakeTmp'
/usr/bin/make -f CMakeFiles/cmTC_08c06.dir/build.make CMakeFiles/cmTC_08c06.dir/build
make[2]: Entering directory '/home/m/Documents/libscapi/protocols/YaoSingleExecution/CMakeFiles/CMakeTmp'
Building C object CMakeFiles/cmTC_08c06.dir/CheckFunctionExists.c.o
/usr/bin/cc    -DCHECK_FUNCTION_EXISTS=pthread_create   -o CMakeFiles/cmTC_08c06.dir/CheckFunctionExists.c.o   -c /usr/share/cmake-3.7/Modules/CheckFunctionExists.c
Linking C executable cmTC_08c06
/usr/bin/cmake -E cmake_link_script CMakeFiles/cmTC_08c06.dir/link.txt --verbose=1
/usr/bin/cc   -DCHECK_FUNCTION_EXISTS=pthread_create    CMakeFiles/cmTC_08c06.dir/CheckFunctionExists.c.o  -o cmTC_08c06 -lpthreads 
/usr/bin/ld: cannot find -lpthreads
collect2: error: ld returned 1 exit status
CMakeFiles/cmTC_08c06.dir/build.make:97: recipe for target 'cmTC_08c06' failed
make[2]: *** [cmTC_08c06] Error 1
make[2]: Leaving directory '/home/m/Documents/libscapi/protocols/YaoSingleExecution/CMakeFiles/CMakeTmp'
Makefile:126: recipe for target 'cmTC_08c06/fast' failed
make[1]: *** [cmTC_08c06/fast] Error 2
make[1]: Leaving directory '/home/m/Documents/libscapi/protocols/YaoSingleExecution/CMakeFiles/CMakeTmp'


